172
2 499 498
2 497 496
2 495 494
2 493 492
2 491 490
2 489 488
2 487 486
2 485 484
2 483 482
2 481 480
2 479 478
2 477 476
2 475 474
2 473 472
2 471 470
2 469 468
2 467 466
2 465 464
2 463 462
2 461 460
2 459 458
2 457 456
2 455 454
2 453 452
2 451 450
2 449 448
2 447 446
2 445 444
2 443 442
2 441 440
2 439 438
2 437 436
2 435 434
2 433 432
2 431 430
2 429 428
2 427 426
2 425 424
2 423 422
2 421 420
2 419 418
2 417 416
2 415 414
2 413 412
2 411 410
2 409 408
2 407 406
2 405 404
2 403 402
2 401 400
2 399 398
2 397 396
2 395 394
2 393 392
2 391 390
2 389 388
2 387 386
2 385 384
2 383 382
2 381 380
2 379 378
2 377 376
2 375 374
2 373 372
2 371 370
3 369 368 367
3 366 365 364
3 363 362 361
3 360 359 358
3 357 356 355
3 354 353 352
3 351 350 349
3 348 347 346
3 345 344 343
3 342 341 340
3 339 338 337
3 336 335 334
3 333 332 331
3 330 329 328
3 327 326 325
3 324 323 322
3 321 320 319
3 318 317 316
3 315 314 313
3 312 311 310
3 309 308 307
3 306 305 304
3 303 302 301
3 300 299 298
3 297 296 295
3 294 293 292
3 291 290 289
3 288 287 286
3 285 284 283
3 282 281 280
3 279 278 277
3 276 275 274
3 273 272 271
3 270 269 268
3 267 266 265
3 264 263 262
3 261 260 259
3 258 257 256
3 255 254 253
3 252 251 250
3 249 248 247
3 246 245 244
3 243 242 241
3 240 239 238
3 237 236 235
3 234 233 232
3 231 230 229
3 228 227 226
3 225 224 223
3 222 221 220
3 219 218 217
3 216 215 214
3 213 212 211
3 210 209 208
3 207 206 205
3 204 203 202
3 201 200 199
3 198 197 196
3 195 194 193
3 192 191 190
4 189 188 187 186
4 185 184 183 182
4 181 180 179 178
4 177 176 175 174
4 173 172 171 170
4 169 168 167 166
4 165 164 163 162
4 161 160 159 158
4 157 156 155 154
4 153 152 151 150
4 149 148 147 146
4 145 144 143 142
4 141 140 139 138
4 137 136 135 134
4 133 132 131 130
4 129 128 127 126
4 125 124 123 122
4 121 120 119 118
4 117 116 115 114
4 113 112 111 110
4 109 108 107 106
4 105 104 103 102
4 101 100 99 98
4 97 96 95 94
4 93 92 91 90
4 89 88 87 86
4 85 84 83 82
4 81 80 79 78
4 77 76 75 74
4 73 72 71 70
4 69 68 67 66
4 65 64 63 62
4 61 60 59 58
4 57 56 55 54
4 53 52 51 50
4 49 48 47 46
4 45 44 43 42
4 41 40 39 38
4 37 36 35 34
4 33 32 31 30
4 29 28 27 26
4 25 24 23 22
4 21 20 19 18
4 17 16 15 14
4 13 12 11 10
4 9 8 7 6
4 5 4 3 2
